<?xml version="1.0" encoding="UTF-8"?>
<!-- Generated by org.testng.reporters.JUnitReportReporter -->
<testsuite hostname="CAN_REN_0013" failures="0" tests="1" name="testCases.Click_All_Top_Buttons" time="0.590" errors="0" timestamp="2024-09-16T21:10:08 IST" skipped="0">
  <testcase classname="testCases.Click_All_Top_Buttons" name="clickTopBtn" time="0.590"/>
</testsuite> <!-- testCases.Click_All_Top_Buttons -->
