<?xml version="1.0" encoding="UTF-8"?>
<!-- Generated by org.testng.reporters.JUnitReportReporter -->
<testsuite hostname="CAN_REN_0013" failures="0" tests="1" name="testCases.Click_All_Service_Options" time="11.013" errors="0" timestamp="2024-09-16T22:51:26 IST" skipped="0">
  <testcase classname="testCases.Click_All_Service_Options" name="serviceOptions" time="11.013"/>
</testsuite> <!-- testCases.Click_All_Service_Options -->
