<?xml version="1.0" encoding="UTF-8"?>
<!-- Generated by org.testng.reporters.JUnitReportReporter -->
<testsuite hostname="CAN_REN_0013" failures="0" tests="1" name="testCases.Click_About__Page" time="0.859" errors="0" timestamp="2024-09-16T21:46:56 IST" skipped="0">
  <testcase classname="testCases.Click_About__Page" name="clickTopBtn" time="0.859"/>
</testsuite> <!-- testCases.Click_About__Page -->
